# JRE version: Java(TM) SE Runtime Environment (8.0_101-b13) (build 1.8.0_101-b13)
# Java VM: Java HotSpot(TM) 64-Bit Server VM (25.101-b13 mixed mode linux-amd64 compressed oops)
Heap:
 PSYoungGen      total 491520K, used 359551K [0x000000076f300000, 0x000000078e500000, 0x00000007c0000000)
  eden space 482304K, 72% used [0x000000076f300000,0x00000007849288e0,0x000000078ca00000)
  from space 9216K, 99% used [0x000000078d300000,0x000000078dbf74c8,0x000000078dc00000)
  to   space 9216K, 0% used [0x000000078dc00000,0x000000078dc00000,0x000000078e500000)
 ParOldGen       total 175616K, used 19891K [0x00000006cd800000, 0x00000006d8380000, 0x000000076f300000)
  object space 175616K, 11% used [0x00000006cd800000,0x00000006ceb6cc78,0x00000006d8380000)
 Metaspace       used 41434K, capacity 42782K, committed 43048K, reserved 1087488K
  class space    used 5337K, capacity 5824K, committed 5928K, reserved 1048576K
GC Heap History (10 events):
Event: 3,063 GC heap before
{Heap before GC invocations=5 (full 0):
 PSYoungGen      total 260096K, used 37502K [0x000000076f300000, 0x000000077fb00000, 0x00000007c0000000)
  eden space 249856K, 13% used [0x000000076f300000,0x00000007712c4b78,0x000000077e700000)
  from space 10240K, 48% used [0x000000077f100000,0x000000077f5daf78,0x000000077fb00000)
  to   space 10240K, 0% used [0x000000077e700000,0x000000077e700000,0x000000077f100000)
 ParOldGen       total 166912K, used 104K [0x00000006cd800000, 0x00000006d7b00000, 0x000000076f300000)
  object space 166912K, 0% used [0x00000006cd800000,0x00000006cd81a010,0x00000006d7b00000)
 Metaspace       used 20830K, capacity 21146K, committed 21296K, reserved 1069056K
  class space    used 2590K, capacity 2662K, committed 2688K, reserved 1048576K
Event: 3,077 GC heap after
Heap after GC invocations=5 (full 0):
 PSYoungGen      total 260096K, used 7684K [0x000000076f300000, 0x000000078ed00000, 0x00000007c0000000)
  eden space 249856K, 0% used [0x000000076f300000,0x000000076f300000,0x000000077e700000)
  from space 10240K, 75% used [0x000000077e700000,0x000000077ee813f0,0x000000077f100000)
  to   space 9216K, 0% used [0x000000078e400000,0x000000078e400000,0x000000078ed00000)
 ParOldGen       total 166912K, used 112K [0x00000006cd800000, 0x00000006d7b00000, 0x000000076f300000)
  object space 166912K, 0% used [0x00000006cd800000,0x00000006cd81c010,0x00000006d7b00000)
 Metaspace       used 20830K, capacity 21146K, committed 21296K, reserved 1069056K
  class space    used 2590K, capacity 2662K, committed 2688K, reserved 1048576K
}
Event: 3,077 GC heap before
{Heap before GC invocations=6 (full 1):
 PSYoungGen      total 260096K, used 7684K [0x000000076f300000, 0x000000078ed00000, 0x00000007c0000000)
  eden space 249856K, 0% used [0x000000076f300000,0x000000076f300000,0x000000077e700000)
  from space 10240K, 75% used [0x000000077e700000,0x000000077ee813f0,0x000000077f100000)
  to   space 9216K, 0% used [0x000000078e400000,0x000000078e400000,0x000000078ed00000)
 ParOldGen       total 166912K, used 112K [0x00000006cd800000, 0x00000006d7b00000, 0x000000076f300000)
  object space 166912K, 0% used [0x00000006cd800000,0x00000006cd81c010,0x00000006d7b00000)
 Metaspace       used 20830K, capacity 21146K, committed 21296K, reserved 1069056K
  class space    used 2590K, capacity 2662K, committed 2688K, reserved 1048576K
Event: 3,171 GC heap after
Heap after GC invocations=6 (full 1):
 PSYoungGen      total 260096K, used 0K [0x000000076f300000, 0x000000078ed00000, 0x00000007c0000000)
  eden space 249856K, 0% used [0x000000076f300000,0x000000076f300000,0x000000077e700000)
  from space 10240K, 0% used [0x000000077e700000,0x000000077e700000,0x000000077f100000)
  to   space 9216K, 0% used [0x000000078e400000,0x000000078e400000,0x000000078ed00000)
 ParOldGen       total 106496K, used 7444K [0x00000006cd800000, 0x00000006d4000000, 0x000000076f300000)
  object space 106496K, 6% used [0x00000006cd800000,0x00000006cdf452f0,0x00000006d4000000)
 Metaspace       used 20830K, capacity 21146K, committed 21296K, reserved 1069056K
  class space    used 2590K, capacity 2662K, committed 2688K, reserved 1048576K
}
Event: 10,380 GC heap before
{Heap before GC invocations=7 (full 1):
 PSYoungGen      total 260096K, used 132325K [0x000000076f300000, 0x000000078ed00000, 0x00000007c0000000)
  eden space 249856K, 52% used [0x000000076f300000,0x00000007774397d8,0x000000077e700000)
  from space 10240K, 0% used [0x000000077e700000,0x000000077e700000,0x000000077f100000)
  to   space 9216K, 0% used [0x000000078e400000,0x000000078e400000,0x000000078ed00000)
 ParOldGen       total 106496K, used 7444K [0x00000006cd800000, 0x00000006d4000000, 0x000000076f300000)
  object space 106496K, 6% used [0x00000006cd800000,0x00000006cdf452f0,0x00000006d4000000)
 Metaspace       used 34969K, capacity 35442K, committed 35496K, reserved 1081344K
  class space    used 4372K, capacity 4498K, committed 4520K, reserved 1048576K
Event: 10,406 GC heap after
Heap after GC invocations=7 (full 1):
 PSYoungGen      total 350208K, used 9201K [0x000000076f300000, 0x000000078ed00000, 0x00000007c0000000)
  eden space 340992K, 0% used [0x000000076f300000,0x000000076f300000,0x0000000784000000)
  from space 9216K, 99% used [0x000000078e400000,0x000000078ecfc448,0x000000078ed00000)
  to   space 13312K, 0% used [0x000000078d300000,0x000000078d300000,0x000000078e000000)
 ParOldGen       total 106496K, used 12980K [0x00000006cd800000, 0x00000006d4000000, 0x000000076f300000)
  object space 106496K, 12% used [0x00000006cd800000,0x00000006ce4ad050,0x00000006d4000000)
 Metaspace       used 34969K, capacity 35442K, committed 35496K, reserved 1081344K
  class space    used 4372K, capacity 4498K, committed 4520K, reserved 1048576K
}
Event: 10,406 GC heap before
{Heap before GC invocations=8 (full 2):
 PSYoungGen      total 350208K, used 9201K [0x000000076f300000, 0x000000078ed00000, 0x00000007c0000000)
  eden space 340992K, 0% used [0x000000076f300000,0x000000076f300000,0x0000000784000000)
  from space 9216K, 99% used [0x000000078e400000,0x000000078ecfc448,0x000000078ed00000)
  to   space 13312K, 0% used [0x000000078d300000,0x000000078d300000,0x000000078e000000)
 ParOldGen       total 106496K, used 12980K [0x00000006cd800000, 0x00000006d4000000, 0x000000076f300000)
  object space 106496K, 12% used [0x00000006cd800000,0x00000006ce4ad050,0x00000006d4000000)
 Metaspace       used 34969K, capacity 35442K, committed 35496K, reserved 1081344K
  class space    used 4372K, capacity 4498K, committed 4520K, reserved 1048576K
Event: 10,473 GC heap after
Heap after GC invocations=8 (full 2):
 PSYoungGen      total 350208K, used 0K [0x000000076f300000, 0x000000078ed00000, 0x00000007c0000000)
  eden space 340992K, 0% used [0x000000076f300000,0x000000076f300000,0x0000000784000000)
  from space 9216K, 0% used [0x000000078e400000,0x000000078e400000,0x000000078ed00000)
  to   space 13312K, 0% used [0x000000078d300000,0x000000078d300000,0x000000078e000000)
 ParOldGen       total 175616K, used 19883K [0x00000006cd800000, 0x00000006d8380000, 0x000000076f300000)
  object space 175616K, 11% used [0x00000006cd800000,0x00000006ceb6ac78,0x00000006d8380000)
 Metaspace       used 34969K, capacity 35442K, committed 35496K, reserved 1081344K
  class space    used 4372K, capacity 4498K, committed 4520K, reserved 1048576K
}
Event: 13,850 GC heap before
{Heap before GC invocations=9 (full 2):
 PSYoungGen      total 350208K, used 340992K [0x000000076f300000, 0x000000078ed00000, 0x00000007c0000000)
  eden space 340992K, 100% used [0x000000076f300000,0x0000000784000000,0x0000000784000000)
  from space 9216K, 0% used [0x000000078e400000,0x000000078e400000,0x000000078ed00000)
  to   space 13312K, 0% used [0x000000078d300000,0x000000078d300000,0x000000078e000000)
 ParOldGen       total 175616K, used 19883K [0x00000006cd800000, 0x00000006d8380000, 0x000000076f300000)
  object space 175616K, 11% used [0x00000006cd800000,0x00000006ceb6ac78,0x00000006d8380000)
 Metaspace       used 38316K, capacity 39272K, committed 39464K, reserved 1083392K
  class space    used 4947K, capacity 5354K, committed 5416K, reserved 1048576K
Event: 13,865 GC heap after
Heap after GC invocations=9 (full 2):
 PSYoungGen      total 491520K, used 9181K [0x000000076f300000, 0x000000078e500000, 0x00000007c0000000)
  eden space 482304K, 0% used [0x000000076f300000,0x000000076f300000,0x000000078ca00000)
  from space 9216K, 99% used [0x000000078d300000,0x000000078dbf74c8,0x000000078dc00000)
  to   space 9216K, 0% used [0x000000078dc00000,0x000000078dc00000,0x000000078e500000)
 ParOldGen       total 175616K, used 19891K [0x00000006cd800000, 0x00000006d8380000, 0x000000076f300000)
  object space 175616K, 11% used [0x00000006cd800000,0x00000006ceb6cc78,0x00000006d8380000)
 Metaspace       used 38316K, capacity 39272K, committed 39464K, reserved 1083392K
  class space    used 4947K, capacity 5354K, committed 5416K, reserved 1048576K
}

